<?xml version="1.0" encoding="UTF-8"?>
<testsuite name="com.wingedsheep.engine.scenarios.LegendRuleTest" tests="4" skipped="0" failures="0" errors="0" timestamp="2026-09-25T04:28:52.996Z" hostname="runnervmtr4k5" time="18.374">
  <properties/>
  <testcase name="legend rule asks player to choose which legendary to keep" classname="com.wingedsheep.engine.scenarios.LegendRuleTest" time="18.202"/>
  <testcase name="legend rule lets player keep the older legendary" classname="com.wingedsheep.engine.scenarios.LegendRuleTest" time="0.014"/>
  <testcase name="legend rule does not trigger for different legendary names" classname="com.wingedsheep.engine.scenarios.LegendRuleTest" time="0.011"/>
  <testcase name="legend rule only affects the same player" classname="com.wingedsheep.engine.scenarios.LegendRuleTest" time="0.009"/>
  <system-out><![CDATA[]]></system-out>
  <system-err><![CDATA[]]></system-err>
</testsuite>
