<?xml version="1.0" encoding="UTF-8"?>
<testsuite name="com.wingedsheep.engine.scenarios.ConditionalFlashGrantTest" tests="9" skipped="0" failures="0" errors="0" timestamp="2026-09-25T04:29:28.468Z" hostname="runnervmtr4k5" time="19.926">
  <properties/>
  <testcase name="a gated flash grant offers nothing while its condition is false" classname="com.wingedsheep.engine.scenarios.ConditionalFlashGrantTest" time="19.306"/>
  <testcase name="the grant switches on mid-turn the moment its condition becomes true" classname="com.wingedsheep.engine.scenarios.ConditionalFlashGrantTest" time="0.018"/>
  <testcase name="with the condition true the spell is both offered and actually castable" classname="com.wingedsheep.engine.scenarios.ConditionalFlashGrantTest" time="0.032"/>
  <testcase name="an open gate does not leak flash to spells outside the grant's filter" classname="com.wingedsheep.engine.scenarios.ConditionalFlashGrantTest" time="0.02"/>
  <testcase name="the gate reads the granter's controller's board, not the caster's" classname="com.wingedsheep.engine.scenarios.ConditionalFlashGrantTest" time="0.018"/>
  <testcase name="an enabler on the caster's side does not open someone else's gate" classname="com.wingedsheep.engine.scenarios.ConditionalFlashGrantTest" time="0.014"/>
  <testcase name="a stolen granter grants to its new controller, not to its owner" classname="com.wingedsheep.engine.scenarios.ConditionalFlashGrantTest" time="0.068"/>
  <testcase name="a phased-out granter grants nothing (CR 702.26b)" classname="com.wingedsheep.engine.scenarios.ConditionalFlashGrantTest" time="0.018"/>
  <testcase name="the permission goes away with the granter even while the condition still holds" classname="com.wingedsheep.engine.scenarios.ConditionalFlashGrantTest" time="0.017"/>
  <system-out><![CDATA[]]></system-out>
  <system-err><![CDATA[]]></system-err>
</testsuite>
