<?xml version="1.0" encoding="UTF-8"?>
<testsuite name="com.wingedsheep.engine.state.LegacySuspensionMigrationTest" tests="19" skipped="0" failures="0" errors="0" timestamp="2026-09-25T04:30:17.835Z" hostname="runnervmtr4k5" time="19.002">
  <properties/>
  <testcase name="legacy nested-may loads without allocation and resumes the captured response trace" classname="com.wingedsheep.engine.state.LegacySuspensionMigrationTest" time="0.276"/>
  <testcase name="legacy repeat-while loads without allocation and resumes the captured response trace" classname="com.wingedsheep.engine.state.LegacySuspensionMigrationTest" time="0.028"/>
  <testcase name="legacy suspended-mana-window loads without allocation and resumes the captured response trace" classname="com.wingedsheep.engine.state.LegacySuspensionMigrationTest" time="0.066"/>
  <testcase name="legacy free-cast-target loads without allocation and resumes the captured response trace" classname="com.wingedsheep.engine.state.LegacySuspensionMigrationTest" time="0.107"/>
  <testcase name="default-omitting parent cycling snapshot loads and completes its deferred draw" classname="com.wingedsheep.engine.state.LegacySuspensionMigrationTest" time="0.053"/>
  <testcase name="legacy active answer still requires its response identity" classname="com.wingedsheep.engine.state.LegacySuspensionMigrationTest" time="0.002"/>
  <testcase name="legacy mana reopen still requires its saved association identity" classname="com.wingedsheep.engine.state.LegacySuspensionMigrationTest" time="0.002"/>
  <testcase name="legacy repeat decision becomes an answer carrying an automatic loop" classname="com.wingedsheep.engine.state.LegacySuspensionMigrationTest" time="0.003"/>
  <testcase name="legacy hidden payment question is paired inside its reopen frame" classname="com.wingedsheep.engine.state.LegacySuspensionMigrationTest" time="0.004"/>
  <testcase name="legacy combat question is retained once and the duplicate answer shape is removed" classname="com.wingedsheep.engine.state.LegacySuspensionMigrationTest" time="0.004"/>
  <testcase name="legacy combat answer cannot silently replace a different represented question" classname="com.wingedsheep.engine.state.LegacySuspensionMigrationTest" time="0.001"/>
  <testcase name="legacy active question with a mismatched top answer fails explicitly" classname="com.wingedsheep.engine.state.LegacySuspensionMigrationTest" time="0.002"/>
  <testcase name="legacy active question without an answer fails explicitly" classname="com.wingedsheep.engine.state.LegacySuspensionMigrationTest" time="0.001"/>
  <testcase name="legacy unanswered frame without any represented question fails explicitly" classname="com.wingedsheep.engine.state.LegacySuspensionMigrationTest" time="0.001"/>
  <testcase name="legacy active question cannot skip automatic work to find an answer" classname="com.wingedsheep.engine.state.LegacySuspensionMigrationTest" time="0.001"/>
  <testcase name="legacy mana reopen cannot claim a different lower answer" classname="com.wingedsheep.engine.state.LegacySuspensionMigrationTest" time="0.003"/>
  <testcase name="legacy mana reopen requires its saved question" classname="com.wingedsheep.engine.state.LegacySuspensionMigrationTest" time="0.002"/>
  <testcase name="legacy repeat with an unknown phase fails explicitly" classname="com.wingedsheep.engine.state.LegacySuspensionMigrationTest" time="0.001"/>
  <testcase name="legacy migration does not silently ignore unrelated unknown payload fields" classname="com.wingedsheep.engine.state.LegacySuspensionMigrationTest" time="0.003"/>
  <system-out><![CDATA[]]></system-out>
  <system-err><![CDATA[]]></system-err>
</testsuite>
