<?xml version="1.0" encoding="UTF-8"?>
<testsuite name="com.wingedsheep.engine.multiplayer.TwoHeadedGiantTeamPriorityTest" tests="12" skipped="0" failures="0" errors="0" timestamp="2026-09-25T04:29:21.744Z" hostname="runnervmtr4k5" time="2.467">
  <properties/>
  <testcase name="hasPriority admits the baton holder's whole team, and nobody else (CR 805.5)" classname="com.wingedsheep.engine.multiplayer.TwoHeadedGiantTeamPriorityTest" time="1.875"/>
  <testcase name="a free-for-all pod is untouched: priority is still one seat" classname="com.wingedsheep.engine.multiplayer.TwoHeadedGiantTeamPriorityTest" time="0.032"/>
  <testcase name="Team vs. Team takes individual turns (CR 808.4), so priority stays individual too" classname="com.wingedsheep.engine.multiplayer.TwoHeadedGiantTeamPriorityTest" time="0.012"/>
  <testcase name="a teammate may respond to their partner's spell while it is still on the stack" classname="com.wingedsheep.engine.multiplayer.TwoHeadedGiantTeamPriorityTest" time="0.061"/>
  <testcase name="an opposing player still cannot act on the active team's priority" classname="com.wingedsheep.engine.multiplayer.TwoHeadedGiantTeamPriorityTest" time="0.017"/>
  <testcase name="the chain: partner acts at sorcery speed without the baton making a lap (CR 805.5a)" classname="com.wingedsheep.engine.multiplayer.TwoHeadedGiantTeamPriorityTest" time="0.074"/>
  <testcase name="an out-of-order action re-arms the whole team: every seat still gets its own window" classname="com.wingedsheep.engine.multiplayer.TwoHeadedGiantTeamPriorityTest" time="0.028"/>
  <testcase name="the baton skips seats that already passed this round" classname="com.wingedsheep.engine.multiplayer.TwoHeadedGiantTeamPriorityTest" time="0.008"/>
  <testcase name="a teammate who already passed this round can't pass again until someone acts" classname="com.wingedsheep.engine.multiplayer.TwoHeadedGiantTeamPriorityTest" time="0.12"/>
  <testcase name="nextUnpassedPriorityAfter is plain getNextPlayer while nobody has passed" classname="com.wingedsheep.engine.multiplayer.TwoHeadedGiantTeamPriorityTest" time="0.006"/>
  <testcase name="a teammate's cast is a real spell of theirs, not of the baton holder" classname="com.wingedsheep.engine.multiplayer.TwoHeadedGiantTeamPriorityTest" time="0.01"/>
  <testcase name="priorityTeam is empty when nobody holds priority" classname="com.wingedsheep.engine.multiplayer.TwoHeadedGiantTeamPriorityTest" time="0.005"/>
  <system-out><![CDATA[]]></system-out>
  <system-err><![CDATA[]]></system-err>
</testsuite>
