<?xml version="1.0" encoding="UTF-8"?>
<testsuite name="com.wingedsheep.engine.scenarios.ModalPerModeAdditionalCostTest" tests="8" skipped="0" failures="0" errors="0" timestamp="2026-09-25T04:33:16.657Z" hostname="runnervmtr4k5" time="18.867">
  <properties/>
  <testcase name="H1 — picking the {1}-cost mode drains one extra colorless from the pool" classname="com.wingedsheep.engine.scenarios.ModalPerModeAdditionalCostTest" time="18.531"/>
  <testcase name="H1 — mode 1 cannot be cast without the additional {1}" classname="com.wingedsheep.engine.scenarios.ModalPerModeAdditionalCostTest" time="0.012"/>
  <testcase name="H2 — mode with SacrificePermanent additional cost forces the creature into the graveyard" classname="com.wingedsheep.engine.scenarios.ModalPerModeAdditionalCostTest" time="0.052"/>
  <testcase name="H3 — Spree-style: choosing two modes stacks their additionalManaCosts" classname="com.wingedsheep.engine.scenarios.ModalPerModeAdditionalCostTest" time="0.015"/>
  <testcase name="H3 — with stacked costs unpayable, cast fails" classname="com.wingedsheep.engine.scenarios.ModalPerModeAdditionalCostTest" time="0.01"/>
  <testcase name="Escalate — the first chosen mode adds no mana cost" classname="com.wingedsheep.engine.scenarios.ModalPerModeAdditionalCostTest" time="0.009"/>
  <testcase name="Escalate — its cost is paid once for each mode beyond the first" classname="com.wingedsheep.engine.scenarios.ModalPerModeAdditionalCostTest" time="0.008"/>
  <testcase name="Escalate — a second mode is illegal when its one escalate payment is unaffordable" classname="com.wingedsheep.engine.scenarios.ModalPerModeAdditionalCostTest" time="0.007"/>
  <system-out><![CDATA[]]></system-out>
  <system-err><![CDATA[]]></system-err>
</testsuite>
