<?xml version="1.0" encoding="UTF-8"?>
<testsuite name="com.wingedsheep.engine.scenarios.CryptRatsScenarioTest" tests="8" skipped="0" failures="0" errors="0" timestamp="2026-09-26T06:31:18.556Z" hostname="1e35be581e75" time="50.261">
  <properties/>
  <testcase name="X black mana pays for damage to all creatures including fliers and both players" classname="com.wingedsheep.engine.scenarios.CryptRatsScenarioTest" time="0.624"/>
  <testcase name="generic-looking X rejects nonblack mana without partial payment" classname="com.wingedsheep.engine.scenarios.CryptRatsScenarioTest" time="0.025"/>
  <testcase name="X zero is legal and zero damage does not apply deathtouch" classname="com.wingedsheep.engine.scenarios.CryptRatsScenarioTest" time="0.02"/>
  <testcase name="Ferocity deathtouch sweeps large and flying creatures but grants no lifegain" classname="com.wingedsheep.engine.scenarios.CryptRatsScenarioTest" time="0.043"/>
  <testcase name="Toxin comparator counts actual lifelink damage to own creatures and both players" classname="com.wingedsheep.engine.scenarios.CryptRatsScenarioTest" time="0.096"/>
  <testcase name="prevention stops deathtouch and indestructible survives nonzero deathtouch damage" classname="com.wingedsheep.engine.scenarios.CryptRatsScenarioTest" time="0.027"/>
  <testcase name="returned tapped summoning-sick Rats may immediately pay its ability with fresh black mana" classname="com.wingedsheep.engine.scenarios.CryptRatsScenarioTest" time="0.008"/>
  <testcase name="two queued pulses can kill the returned Rats before a new action" classname="com.wingedsheep.engine.scenarios.CryptRatsScenarioTest" time="0.009"/>
  <system-out><![CDATA[]]></system-out>
  <system-err><![CDATA[]]></system-err>
</testsuite>
