<?xml version="1.0" encoding="UTF-8"?>
<testsuite name="com.wingedsheep.engine.scenarios.StackWarTest" tests="15" skipped="0" failures="0" errors="0" timestamp="2026-09-25T04:27:48.010Z" hostname="runnervmtr4k5" time="16.35">
  <properties/>
  <testcase name="stack is empty at start of game" classname="com.wingedsheep.engine.scenarios.StackWarTest" time="15.921"/>
  <testcase name="casting a spell puts it on the stack" classname="com.wingedsheep.engine.scenarios.StackWarTest" time="0.112"/>
  <testcase name="priority passes after casting a spell" classname="com.wingedsheep.engine.scenarios.StackWarTest" time="0.016"/>
  <testcase name="passing priority with empty stack advances the game" classname="com.wingedsheep.engine.scenarios.StackWarTest" time="0.016"/>
  <testcase name="cannot cast spell without priority" classname="com.wingedsheep.engine.scenarios.StackWarTest" time="0.01"/>
  <testcase name="passing priority to opponent" classname="com.wingedsheep.engine.scenarios.StackWarTest" time="0.009"/>
  <testcase name="both players passing resolves top of stack" classname="com.wingedsheep.engine.scenarios.StackWarTest" time="0.037"/>
  <testcase name="stack resolution order is LIFO" classname="com.wingedsheep.engine.scenarios.StackWarTest" time="0.014"/>
  <testcase name="instant can be cast in response" classname="com.wingedsheep.engine.scenarios.StackWarTest" time="0.01"/>
  <testcase name="sorcery cannot be cast in response" classname="com.wingedsheep.engine.scenarios.StackWarTest" time="0.01"/>
  <testcase name="countered spell goes to graveyard" classname="com.wingedsheep.engine.scenarios.StackWarTest" time="0.025"/>
  <testcase name="can respond to opponent's spell" classname="com.wingedsheep.engine.scenarios.StackWarTest" time="0.01"/>
  <testcase name="after resolving top of stack, active player gets priority" classname="com.wingedsheep.engine.scenarios.StackWarTest" time="0.009"/>
  <testcase name="spell targeting a spell on the stack" classname="com.wingedsheep.engine.scenarios.StackWarTest" time="0.012"/>
  <testcase name="multiple spells on stack resolve in order" classname="com.wingedsheep.engine.scenarios.StackWarTest" time="0.01"/>
  <system-out><![CDATA[]]></system-out>
  <system-err><![CDATA[]]></system-err>
</testsuite>
