<?xml version="1.0" encoding="UTF-8"?>
<testsuite name="com.wingedsheep.engine.scenarios.TaureanMaulerScenarioTest" tests="3" skipped="0" failures="0" errors="0" timestamp="2026-09-25T04:31:48.406Z" hostname="runnervmtr4k5" time="10.767">
  <properties/>
  <testcase name="opponent casts a spell: a +1/+1 counter is added (2/2 -&gt; 3/3)" classname="com.wingedsheep.engine.scenarios.TaureanMaulerScenarioTest" time="10.668"/>
  <testcase name="a second opponent spell grows it again (3/3 -&gt; 4/4)" classname="com.wingedsheep.engine.scenarios.TaureanMaulerScenarioTest" time="0.021"/>
  <testcase name="your own spell does not trigger it (stays 2/2)" classname="com.wingedsheep.engine.scenarios.TaureanMaulerScenarioTest" time="0.015"/>
  <system-out><![CDATA[]]></system-out>
  <system-err><![CDATA[]]></system-err>
</testsuite>
