<?xml version="1.0" encoding="UTF-8"?>
<testsuite name="com.wingedsheep.engine.scenarios.RevealFromHandAdditionalCostTest" tests="10" skipped="0" failures="0" errors="0" timestamp="2026-09-25T04:34:02.738Z" hostname="runnervmtr4k5" time="20.056">
  <properties/>
  <testcase name="both the reveal path and the pay path are enumerated when the hand has an Elf and mana for either" classname="com.wingedsheep.engine.scenarios.RevealFromHandAdditionalCostTest" time="0.262"/>
  <testcase name="CR 701.20b — the revealed Elf stays in hand and can still be cast afterwards" classname="com.wingedsheep.engine.scenarios.RevealFromHandAdditionalCostTest" time="0.117"/>
  <testcase name="the pay path costs {3} more and reveals nothing" classname="com.wingedsheep.engine.scenarios.RevealFromHandAdditionalCostTest" time="0.007"/>
  <testcase name="with no Elf in hand only the pay path is offered, and the spell is still castable" classname="com.wingedsheep.engine.scenarios.RevealFromHandAdditionalCostTest" time="0.009"/>
  <testcase name="CR 701.4a — an Elf on the battlefield is not an Elf card in hand and cannot pay the reveal" classname="com.wingedsheep.engine.scenarios.RevealFromHandAdditionalCostTest" time="0.029"/>
  <testcase name="a Kindred noncreature Elf card pays it — the filter is 'an Elf card', not 'an Elf creature card'" classname="com.wingedsheep.engine.scenarios.RevealFromHandAdditionalCostTest" time="0.004"/>
  <testcase name="a non-Elf card in hand is rejected as the reveal" classname="com.wingedsheep.engine.scenarios.RevealFromHandAdditionalCostTest" time="0.003"/>
  <testcase name="the cost is offered with its own picker when the hand holds a matching card" classname="com.wingedsheep.engine.scenarios.RevealFromHandAdditionalCostTest" time="0.006"/>
  <testcase name="the spell is uncastable with nothing to reveal — a mandatory cost fails closed" classname="com.wingedsheep.engine.scenarios.RevealFromHandAdditionalCostTest" time="0.005"/>
  <testcase name="the spell can't pay the cost with itself" classname="com.wingedsheep.engine.scenarios.RevealFromHandAdditionalCostTest" time="0.004"/>
  <system-out><![CDATA[]]></system-out>
  <system-err><![CDATA[]]></system-err>
</testsuite>
