<?xml version="1.0" encoding="UTF-8"?>
<testsuite name="com.wingedsheep.engine.scenarios.ContinuationSystemTest" tests="4" skipped="0" failures="0" errors="0" timestamp="2026-09-25T04:28:08.927Z" hostname="runnervmtr4k5" time="16.811">
  <properties/>
  <testcase name="discard effect with choice pauses for player decision" classname="com.wingedsheep.engine.scenarios.ContinuationSystemTest" time="16.568"/>
  <testcase name="submitting card selection resumes and discards selected cards" classname="com.wingedsheep.engine.scenarios.ContinuationSystemTest" time="0.065"/>
  <testcase name="discard all cards when hand size is less than or equal to discard count" classname="com.wingedsheep.engine.scenarios.ContinuationSystemTest" time="0.014"/>
  <testcase name="composite effect (draw then discard) handles pause correctly" classname="com.wingedsheep.engine.scenarios.ContinuationSystemTest" time="0.021"/>
  <system-out><![CDATA[]]></system-out>
  <system-err><![CDATA[]]></system-err>
</testsuite>
