<testsuites id="" name="" tests="4" failures="0" skipped="0" errors="1" time="434.15227000000004">
<testsuite name="ferocity-recycling/combat-current-rules.spec.ts" timestamp="2026-09-26T15:36:15.176Z" hostname="" tests="1" failures="0" skipped="0" time="8.187" errors="0">
<testcase name="ordinary damage can split one and one without making either blocker lethal" classname="ferocity-recycling/combat-current-rules.spec.ts" time="8.187">
<system-out>
<![CDATA[
[[ATTACHMENT|test-results/ferocity-recycling-combat--109ed-aking-either-blocker-lethal/trace.zip]]
]]>
</system-out>
</testcase>
</testsuite>
<testsuite name="general/trample-damage-assignment.spec.ts" timestamp="2026-09-26T15:36:15.176Z" hostname="" tests="3" failures="0" skipped="0" time="17.533" errors="1">
<testcase name="Trample damage assignment › accept default damage assignment — lethal to blocker, excess to player" classname="general/trample-damage-assignment.spec.ts" time="6.711">
<system-out>
<![CDATA[
[[ATTACHMENT|test-results/general-trample-damage-ass-26f93-to-blocker-excess-to-player/trace.zip]]
]]>
</system-out>
</testcase>
<testcase name="Trample damage assignment › custom damage assignment — put extra damage on blocker" classname="general/trample-damage-assignment.spec.ts" time="5.562">
<system-out>
<![CDATA[
[[ATTACHMENT|test-results/general-trample-damage-ass-404f9-put-extra-damage-on-blocker/test-failed-1.png]]

[[ATTACHMENT|test-results/general-trample-damage-ass-404f9-put-extra-damage-on-blocker/test-failed-2.png]]

[[ATTACHMENT|test-results/general-trample-damage-ass-404f9-put-extra-damage-on-blocker/error-context.md]]

[[ATTACHMENT|test-results/general-trample-damage-ass-404f9-put-extra-damage-on-blocker/trace.zip]]
]]>
</system-out>
<error message="locator.click: Error: strict mode violation: locator(&apos;div&apos;).filter({ hasText: &apos;Defender&apos; }).filter({ has: locator(&apos;button&apos;).filter({ hasText: &apos;+&apos; }) }).last().locator(&apos;button&apos;).filter({ hasText: &apos;-&apos; }) resolved to 2 elements:" type="Error">
<![CDATA[  general/trample-damage-assignment.spec.ts:56:7 › Trample damage assignment › custom damage assignment — put extra damage on blocker 

    Error: locator.click: Error: strict mode violation: locator('div').filter({ hasText: 'Defender' }).filter({ has: locator('button').filter({ hasText: '+' }) }).last().locator('button').filter({ hasText: '-' }) resolved to 2 elements:
        1) <button>-</button> aka getByRole('button', { name: '-' }).first()
        2) <button>-</button> aka getByRole('button', { name: '-' }).nth(1)

    Call log:
      - waiting for locator('div').filter({ hasText: 'Defender' }).filter({ has: locator('button').filter({ hasText: '+' }) }).last().locator('button').filter({ hasText: '-' })


       at ../helpers/gamePage.ts:580

      578 |     const minusBtn = section.locator('button').filter({ hasText: '-' })
      579 |     for (let i = 0; i < times; i++) {
    > 580 |       await minusBtn.click()
          |                      ^
      581 |     }
      582 |     await this.screenshot(`Decrease damage to ${name} by ${times}`)
      583 |   }
        at GamePage.decreaseCombatDamage (/home/runner/work/argentum-batshit-test/argentum-batshit-test/e2e-scenarios/helpers/gamePage.ts:580:22)
        at /home/runner/work/argentum-batshit-test/argentum-batshit-test/e2e-scenarios/tests/general/trample-damage-assignment.spec.ts:87:14

    attachment #7: screenshot (image/png) ──────────────────────────────────────────────────────────
    ../../ferocity-recycling/evidence/browser/combat/test-results/general-trample-damage-ass-404f9-put-extra-damage-on-blocker/test-failed-1.png
    ────────────────────────────────────────────────────────────────────────────────────────────────

    attachment #8: screenshot (image/png) ──────────────────────────────────────────────────────────
    ../../ferocity-recycling/evidence/browser/combat/test-results/general-trample-damage-ass-404f9-put-extra-damage-on-blocker/test-failed-2.png
    ────────────────────────────────────────────────────────────────────────────────────────────────

    Error Context: ../../ferocity-recycling/evidence/browser/combat/test-results/general-trample-damage-ass-404f9-put-extra-damage-on-blocker/error-context.md

    attachment #10: trace (application/zip) ────────────────────────────────────────────────────────
    ../../ferocity-recycling/evidence/browser/combat/test-results/general-trample-damage-ass-404f9-put-extra-damage-on-blocker/trace.zip
    Usage:

        npx playwright show-trace ../../ferocity-recycling/evidence/browser/combat/test-results/general-trample-damage-ass-404f9-put-extra-damage-on-blocker/trace.zip

    ────────────────────────────────────────────────────────────────────────────────────────────────
]]>
</error>
</testcase>
<testcase name="Trample damage assignment › no damage assignment for non-trample creature blocked by single blocker" classname="general/trample-damage-assignment.spec.ts" time="5.26">
<system-out>
<![CDATA[
[[ATTACHMENT|test-results/general-trample-damage-ass-17848-e-blocked-by-single-blocker/trace.zip]]
]]>
</system-out>
</testcase>
</testsuite>
</testsuites>