<?xml version="1.0" encoding="UTF-8"?>
<testsuite name="com.wingedsheep.engine.scenarios.CastPrioritySbaTest" tests="12" skipped="0" failures="1" errors="0" timestamp="2026-09-25T04:32:28.176Z" hostname="runnervmtr4k5" time="19.423">
  <properties/>
  <testcase name="a real Phyrexian life payment settles SBAs before returning priority (life=2)" classname="com.wingedsheep.engine.scenarios.CastPrioritySbaTest" time="17.334"/>
  <testcase name="a real Phyrexian life payment settles SBAs before returning priority (life=3)" classname="com.wingedsheep.engine.scenarios.CastPrioritySbaTest" time="0.015"/>
  <testcase name="a caster who paid their last life never receives a cast-trigger target prompt" classname="com.wingedsheep.engine.scenarios.CastPrioritySbaTest" time="0.024"/>
  <testcase name="cost-sacrifice and subsequent zero-toughness death precede cast-trigger target selection" classname="com.wingedsheep.engine.scenarios.CastPrioritySbaTest" time="0.064"/>
  <testcase name="a nonactive cast trigger and active player's SBA death trigger form one APNAP batch" classname="com.wingedsheep.engine.scenarios.CastPrioritySbaTest" time="0.028"/>
  <testcase name="an opposing commander choice preserves the nonactive caster's priority and death trigger (answer)" classname="com.wingedsheep.engine.scenarios.CastPrioritySbaTest" time="0.348"/>
  <testcase name="an opposing commander choice preserves the nonactive caster's priority and death trigger (owner-leaves)" classname="com.wingedsheep.engine.scenarios.CastPrioritySbaTest" time="0.074">
    <failure message="org.opentest4j.AssertionFailedError: expected:&lt;1&gt; but was:&lt;0&gt;" type="org.opentest4j.AssertionFailedError">org.opentest4j.AssertionFailedError: expected:&lt;1&gt; but was:&lt;0&gt;
	at com.wingedsheep.engine.scenarios.CastPrioritySbaTest$1$5.invokeSuspend(CastPrioritySbaTest.kt:248)
	at com.wingedsheep.engine.scenarios.CastPrioritySbaTest$1$5.invoke(CastPrioritySbaTest.kt)
	at com.wingedsheep.engine.scenarios.CastPrioritySbaTest$1$5.invoke(CastPrioritySbaTest.kt)
	at io.kotest.core.spec.style.scopes.FunSpecRootScope$test$1.invokeSuspend(FunSpecRootScope.kt:88)
	at io.kotest.core.spec.style.scopes.FunSpecRootScope$test$1.invoke(FunSpecRootScope.kt)
	at io.kotest.core.spec.style.scopes.FunSpecRootScope$test$1.invoke(FunSpecRootScope.kt)
	at io.kotest.engine.test.TestCaseExecutor$execute$base$1.invoke(TestCaseExecutor.kt:118)
	at io.kotest.engine.test.TestInvocationInterceptor$runBeforeTestAfter$executeWithBeforeAfter$1.invoke(TestInvocationInterceptor.kt:93)
	at io.kotest.engine.test.interceptors.InvocationTimeoutInterceptor$intercept$3.invokeSuspend(InvocationTimeoutInterceptor.kt:49)
	at io.kotest.engine.test.interceptors.InvocationTimeoutInterceptor$intercept$3.invoke(InvocationTimeoutInterceptor.kt)
	at io.kotest.engine.test.interceptors.InvocationTimeoutInterceptor$intercept$3.invoke(InvocationTimeoutInterceptor.kt)
	at kotlinx.coroutines.intrinsics.UndispatchedKt.startUndispatched(Undispatched.kt:66)
	at kotlinx.coroutines.intrinsics.UndispatchedKt.startUndispatchedOrReturnIgnoreTimeout(Undispatched.kt:50)
	at kotlinx.coroutines.TimeoutKt.setupTimeout(Timeout.kt:233)
	at kotlinx.coroutines.TimeoutKt.withTimeoutOrNull(Timeout.kt:159)
	at kotlinx.coroutines.TimeoutKt.withTimeoutOrNull-KLykuaI(Timeout.kt:221)
	at io.kotest.engine.test.interceptors.TimeoutInterceptorKt.withAppropriateTimeoutOrNull-KLykuaI(TimeoutInterceptor.kt:103)
	at io.kotest.engine.test.interceptors.InvocationTimeoutInterceptor.intercept(InvocationTimeoutInterceptor.kt:48)
	at io.kotest.engine.test.TestInvocationInterceptor$runBeforeTestAfter$wrappedTest$1$1.invoke(TestInvocationInterceptor.kt:102)
	at io.kotest.engine.test.TestInvocationInterceptor.runBeforeTestAfter(TestInvocationInterceptor.kt:105)
	at io.kotest.engine.test.TestInvocationInterceptor.access$runBeforeTestAfter(TestInvocationInterceptor.kt:18)
	at io.kotest.engine.test.TestInvocationInterceptor$invokeWithRetry$2.invokeSuspend(TestInvocationInterceptor.kt:53)
	at io.kotest.engine.test.TestInvocationInterceptor$invokeWithRetry$2.invoke(TestInvocationInterceptor.kt)
	at io.kotest.engine.test.TestInvocationInterceptor$invokeWithRetry$2.invoke(TestInvocationInterceptor.kt)
	at kotlinx.coroutines.intrinsics.UndispatchedKt.startUndispatched(Undispatched.kt:66)
	at kotlinx.coroutines.intrinsics.UndispatchedKt.startUndispatchedOrReturn(Undispatched.kt:43)
	at kotlinx.coroutines.CoroutineScopeKt.coroutineScope(CoroutineScope.kt:848)
	at io.kotest.engine.test.TestInvocationInterceptor.invokeWithRetry(TestInvocationInterceptor.kt:51)
	at io.kotest.engine.test.TestInvocationInterceptor.intercept(TestInvocationInterceptor.kt:33)
	at io.kotest.engine.test.TestCaseExecutor$execute$3$1.invoke(TestCaseExecutor.kt:123)
	at io.kotest.engine.test.interceptors.MarkOpenTest4jAbortedExceptionsAsSkippedTestInterceptor.intercept(MarkOpenTest4jAbortedExceptionsAsSkippedTestInterceptor.kt:22)
	at io.kotest.engine.test.TestCaseExecutor$execute$3$1.invoke(TestCaseExecutor.kt:123)
	at io.kotest.engine.test.interceptors.HandleSkippedExceptionsTestInterceptor.intercept(HandleSkippedExceptionsTestInterceptor.kt:15)
	at io.kotest.engine.test.TestCaseExecutor$execute$3$1.invoke(TestCaseExecutor.kt:123)
	at io.kotest.engine.test.interceptors.TimeoutInterceptor$intercept$3.invokeSuspend(TimeoutInterceptor.kt:61)
	at io.kotest.engine.test.interceptors.TimeoutInterceptor$intercept$3.invoke(TimeoutInterceptor.kt)
	at io.kotest.engine.test.interceptors.TimeoutInterceptor$intercept$3.invoke(TimeoutInterceptor.kt)
	at kotlinx.coroutines.intrinsics.UndispatchedKt.startUndispatched(Undispatched.kt:66)
	at kotlinx.coroutines.intrinsics.UndispatchedKt.startUndispatchedOrReturnIgnoreTimeout(Undispatched.kt:50)
	at kotlinx.coroutines.TimeoutKt.setupTimeout(Timeout.kt:233)
	at kotlinx.coroutines.TimeoutKt.withTimeout(Timeout.kt:29)
	at kotlinx.coroutines.TimeoutKt.withTimeout-KLykuaI(Timeout.kt:141)
	at io.kotest.engine.test.interceptors.TimeoutInterceptorKt.withAppropriateTimeout-KLykuaI(TimeoutInterceptor.kt:90)
	at io.kotest.engine.test.interceptors.TimeoutInterceptor.intercept(TimeoutInterceptor.kt:60)
	at io.kotest.engine.test.TestCaseExecutor$execute$3$1.invoke(TestCaseExecutor.kt:123)
	at io.kotest.engine.test.interceptors.CoroutineDebugProbeInterceptor.intercept(CoroutineDebugProbeInterceptor.kt:33)
	at io.kotest.engine.test.TestCaseExecutor$execute$3$1.invoke(TestCaseExecutor.kt:123)
	at io.kotest.engine.test.interceptors.BlockedThreadTimeoutInterceptor.intercept(BlockedThreadTimeoutInterceptor.kt:87)
	at io.kotest.engine.test.TestCaseExecutor$execute$3$1.invoke(TestCaseExecutor.kt:123)
	at io.kotest.engine.test.interceptors.CoroutineLoggingInterceptor.intercept(CoroutineLoggingInterceptor.kt:38)
	at io.kotest.engine.test.TestCaseExecutor$execute$3$1.invoke(TestCaseExecutor.kt:123)
	at io.kotest.engine.test.interceptors.SoftAssertInterceptor.intercept(SoftAssertInterceptor.kt:26)
	at io.kotest.engine.test.TestCaseExecutor$execute$3$1.invoke(TestCaseExecutor.kt:123)
	at io.kotest.engine.test.interceptors.AssertionModeInterceptor.intercept(AssertionModeInterceptor.kt:29)
	at io.kotest.engine.test.TestCaseExecutor$execute$3$1.invoke(TestCaseExecutor.kt:123)
	at io.kotest.engine.test.interceptors.LifecycleInterceptor.intercept(LifecycleInterceptor.kt:48)
	at io.kotest.engine.test.TestCaseExecutor$execute$3$1.invoke(TestCaseExecutor.kt:123)
	at io.kotest.engine.test.interceptors.TestCaseExtensionInterceptor$intercept$2.invoke(TestCaseExtensionInterceptor.kt:21)
	at io.kotest.engine.test.TestExtensions$intercept$execute$1$1$1.invokeSuspend(TestExtensions.kt:146)
	at io.kotest.engine.test.TestExtensions$intercept$execute$1$1$1.invoke(TestExtensions.kt)
	at io.kotest.engine.test.TestExtensions$intercept$execute$1$1$1.invoke(TestExtensions.kt)
	at com.wingedsheep.engine.support.HardTimeoutWatchdog.intercept(TestHangGuard.kt:69)
	at io.kotest.engine.test.TestExtensions$intercept$execute$1$1.invoke(TestExtensions.kt:143)
	at io.kotest.engine.test.TestExtensions.intercept(TestExtensions.kt:151)
	at io.kotest.engine.test.interceptors.TestCaseExtensionInterceptor.intercept(TestCaseExtensionInterceptor.kt:21)
	at io.kotest.engine.test.TestCaseExecutor$execute$3$1.invoke(TestCaseExecutor.kt:123)
	at io.kotest.engine.test.interceptors.TestEnabledCheckInterceptor.intercept(TestEnabledCheckInterceptor.kt:41)
	at io.kotest.engine.test.TestCaseExecutor$execute$3$1.invoke(TestCaseExecutor.kt:123)
	at io.kotest.engine.test.interceptors.CoroutineErrorCollectorInterceptor$intercept$3.invokeSuspend(CoroutineErrorCollectorInterceptor.kt:39)
	at io.kotest.engine.test.interceptors.CoroutineErrorCollectorInterceptor$intercept$3.invoke(CoroutineErrorCollectorInterceptor.kt)
	at io.kotest.engine.test.interceptors.CoroutineErrorCollectorInterceptor$intercept$3.invoke(CoroutineErrorCollectorInterceptor.kt)
	at kotlinx.coroutines.intrinsics.UndispatchedKt.startUndispatched(Undispatched.kt:66)
	at kotlinx.coroutines.intrinsics.UndispatchedKt.startUndispatchedOrReturn(Undispatched.kt:43)
	at kotlinx.coroutines.BuildersKt__Builders_commonKt.withContext(Builders.common.kt:497)
	at kotlinx.coroutines.BuildersKt.withContext(Unknown Source)
	at io.kotest.engine.test.interceptors.CoroutineErrorCollectorInterceptor.intercept(CoroutineErrorCollectorInterceptor.kt:38)
	at io.kotest.engine.test.TestCaseExecutor$execute$3$1.invoke(TestCaseExecutor.kt:123)
	at io.kotest.engine.test.interceptors.CoroutineDispatcherFactoryTestInterceptor.intercept(CoroutineDispatcherFactoryTestInterceptor.kt:41)
	at io.kotest.engine.test.TestCaseExecutor$execute$3$1.invoke(TestCaseExecutor.kt:123)
	at io.kotest.engine.test.interceptors.SupervisorScopeInterceptor$intercept$2.invokeSuspend(SupervisorScopeInterceptor.kt:23)
	at io.kotest.engine.test.interceptors.SupervisorScopeInterceptor$intercept$2.invoke(SupervisorScopeInterceptor.kt)
	at io.kotest.engine.test.interceptors.SupervisorScopeInterceptor$intercept$2.invoke(SupervisorScopeInterceptor.kt)
	at kotlinx.coroutines.intrinsics.UndispatchedKt.startUndispatched(Undispatched.kt:66)
	at kotlinx.coroutines.intrinsics.UndispatchedKt.startUndispatchedOrReturn(Undispatched.kt:43)
	at kotlinx.coroutines.SupervisorKt.supervisorScope(Supervisor.kt:105)
	at io.kotest.engine.test.interceptors.SupervisorScopeInterceptor.intercept(SupervisorScopeInterceptor.kt:22)
	at io.kotest.engine.test.TestCaseExecutor$execute$3$1.invoke(TestCaseExecutor.kt:123)
	at io.kotest.engine.test.interceptors.InvocationCountCheckInterceptor.intercept(InvocationCountCheckInterceptor.kt:33)
	at io.kotest.engine.test.TestCaseExecutor$execute$3$1.invoke(TestCaseExecutor.kt:123)
	at io.kotest.engine.test.interceptors.TestFinishedInterceptor.intercept(TestFinishedInterceptor.kt:23)
	at io.kotest.engine.test.TestCaseExecutor$execute$3$1.invoke(TestCaseExecutor.kt:123)
	at io.kotest.engine.test.FailFastInterceptor.intercept(FailFastInterceptor.kt:24)
	at io.kotest.engine.test.TestCaseExecutor$execute$3$1.invoke(TestCaseExecutor.kt:123)
	at io.kotest.engine.test.interceptors.TestNameContextInterceptor$intercept$2.invokeSuspend(TestNameContextInterceptor.kt:21)
	at io.kotest.engine.test.interceptors.TestNameContextInterceptor$intercept$2.invoke(TestNameContextInterceptor.kt)
	at io.kotest.engine.test.interceptors.TestNameContextInterceptor$intercept$2.invoke(TestNameContextInterceptor.kt)
	at kotlinx.coroutines.intrinsics.UndispatchedKt.startUndispatched(Undispatched.kt:66)
	at kotlinx.coroutines.intrinsics.UndispatchedKt.startUndispatchedOrReturn(Undispatched.kt:43)
	at kotlinx.coroutines.BuildersKt__Builders_commonKt.withContext(Builders.common.kt:497)
	at kotlinx.coroutines.BuildersKt.withContext(Unknown Source)
	at io.kotest.engine.test.interceptors.TestNameContextInterceptor.intercept(TestNameContextInterceptor.kt:20)
	at io.kotest.engine.test.TestCaseExecutor$execute$3$1.invoke(TestCaseExecutor.kt:123)
	at io.kotest.engine.test.interceptors.DescriptorPathContextInterceptor$intercept$2.invokeSuspend(DescriptorPathContextInterceptor.kt:21)
	at io.kotest.engine.test.interceptors.DescriptorPathContextInterceptor$intercept$2.invoke(DescriptorPathContextInterceptor.kt)
	at io.kotest.engine.test.interceptors.DescriptorPathContextInterceptor$intercept$2.invoke(DescriptorPathContextInterceptor.kt)
	at kotlinx.coroutines.intrinsics.UndispatchedKt.startUndispatched(Undispatched.kt:66)
	at kotlinx.coroutines.intrinsics.UndispatchedKt.startUndispatchedOrReturn(Undispatched.kt:43)
	at kotlinx.coroutines.BuildersKt__Builders_commonKt.withContext(Builders.common.kt:497)
	at kotlinx.coroutines.BuildersKt.withContext(Unknown Source)
	at io.kotest.engine.test.interceptors.DescriptorPathContextInterceptor.intercept(DescriptorPathContextInterceptor.kt:20)
	at io.kotest.engine.test.TestCaseExecutor$execute$3$1.invoke(TestCaseExecutor.kt:123)
	at io.kotest.engine.test.TestCaseExecutor.execute(TestCaseExecutor.kt:124)
	at io.kotest.engine.spec.execution.SingleInstanceSpecExecutor.executeTest(SingleInstanceSpecExecutor.kt:76)
	at io.kotest.engine.spec.execution.SingleInstanceSpecExecutor.access$executeTest(SingleInstanceSpecExecutor.kt:26)
	at io.kotest.engine.spec.execution.SingleInstanceSpecExecutor$launchRootTests$2$1$1.invokeSuspend(SingleInstanceSpecExecutor.kt:57)
	at kotlin.coroutines.jvm.internal.BaseContinuationImpl.resumeWith(ContinuationImpl.kt:34)
	at kotlinx.coroutines.DispatchedTask.run(DispatchedTask.kt:100)
	at kotlinx.coroutines.EventLoopImplBase.processNextEvent(EventLoop.common.kt:256)
	at kotlinx.coroutines.BlockingCoroutine.joinBlocking(Builders.kt:54)
	at kotlinx.coroutines.BuildersKt__BuildersKt.runBlockingImpl(Builders.kt:30)
	at kotlinx.coroutines.BuildersKt.runBlockingImpl(Unknown Source)
	at kotlinx.coroutines.BuildersKt__Builders_concurrentKt.runBlockingK(Builders.concurrent.kt:172)
	at kotlinx.coroutines.BuildersKt.runBlockingK(Unknown Source)
	at kotlinx.coroutines.BuildersKt__BuildersKt.runBlocking(Builders.kt:22)
	at kotlinx.coroutines.BuildersKt.runBlocking(Unknown Source)
	at kotlinx.coroutines.BuildersKt__BuildersKt.runBlocking$default(Builders.kt:20)
	at kotlinx.coroutines.BuildersKt.runBlocking$default(Unknown Source)
	at io.kotest.runner.junit.platform.KotestJunitPlatformTestEngine.execute(KotestJunitPlatformTestEngine.kt:86)
	at io.kotest.runner.junit.platform.KotestJunitPlatformTestEngine.execute(KotestJunitPlatformTestEngine.kt:56)
</failure>
  </testcase>
  <testcase name="an opposing commander choice preserves the nonactive caster's priority and death trigger (third-party-leaves)" classname="com.wingedsheep.engine.scenarios.CastPrioritySbaTest" time="0.108"/>
  <testcase name="concession ending a game clears a pending commander question and both priority markers" classname="com.wingedsheep.engine.scenarios.CastPrioritySbaTest" time="0.027"/>
  <testcase name="the creature-type casting continuation cannot bypass the last-life SBA boundary" classname="com.wingedsheep.engine.scenarios.CastPrioritySbaTest" time="0.016"/>
  <testcase name="a nested modal life payment may recover within the same outer resolution before SBAs" classname="com.wingedsheep.engine.scenarios.CastPrioritySbaTest" time="0.039"/>
  <testcase name="an unaffordable life payment is rejected atomically and ordinary serialized states gain no field" classname="com.wingedsheep.engine.scenarios.CastPrioritySbaTest" time="0.014"/>
  <system-out><![CDATA[]]></system-out>
  <system-err><![CDATA[]]></system-err>
</testsuite>
