<?xml version="1.0" encoding="UTF-8"?>
<testsuite name="com.wingedsheep.engine.legalactions.CastSpellEnumeratorModalAdditionalCostTest" tests="2" skipped="0" failures="0" errors="0" timestamp="2026-09-25T04:33:39.647Z" hostname="runnervmtr4k5" time="18.649">
  <properties/>
  <testcase name="E3 — mode with unpayable additionalManaCost is flagged unavailable; others stay available" classname="com.wingedsheep.engine.legalactions.CastSpellEnumeratorModalAdditionalCostTest" time="18.413"/>
  <testcase name="E3 — when enough Islands are in play, the {5}{U} mode becomes available" classname="com.wingedsheep.engine.legalactions.CastSpellEnumeratorModalAdditionalCostTest" time="0.019"/>
  <system-out><![CDATA[]]></system-out>
  <system-err><![CDATA[]]></system-err>
</testsuite>
