<?xml version="1.0" encoding="UTF-8"?>
<testsuite name="com.wingedsheep.engine.scenarios.AbundantMawScenarioTest" tests="2" skipped="0" failures="0" errors="0" timestamp="2026-09-25T04:31:21.884Z" hostname="runnervmtr4k5" time="10.812">
  <properties/>
  <testcase name="emerge cast drains the targeted opponent for 3 before the Leech resolves" classname="com.wingedsheep.engine.scenarios.AbundantMawScenarioTest" time="0.11"/>
  <testcase name="the two amounts are independent — you gain 3 even if the opponent had less to lose" classname="com.wingedsheep.engine.scenarios.AbundantMawScenarioTest" time="0.009"/>
  <system-out><![CDATA[]]></system-out>
  <system-err><![CDATA[]]></system-err>
</testsuite>
