<testsuites id="" name="" tests="4" failures="0" skipped="0" errors="0" time="422.018399">
<testsuite name="ferocity-recycling/combat-current-rules.spec.ts" timestamp="2026-09-26T16:54:49.805Z" hostname="" tests="1" failures="0" skipped="0" time="8.886" errors="0">
<testcase name="ordinary damage can split one and one without making either blocker lethal" classname="ferocity-recycling/combat-current-rules.spec.ts" time="8.886">
<system-out>
<![CDATA[
[[ATTACHMENT|test-results/ferocity-recycling-combat--109ed-aking-either-blocker-lethal/trace.zip]]
]]>
</system-out>
</testcase>
</testsuite>
<testsuite name="general/trample-damage-assignment.spec.ts" timestamp="2026-09-26T16:54:49.805Z" hostname="" tests="3" failures="0" skipped="0" time="15.97" errors="0">
<testcase name="Trample damage assignment › accept default damage assignment — lethal to blocker, excess to player" classname="general/trample-damage-assignment.spec.ts" time="5.247">
<system-out>
<![CDATA[
[[ATTACHMENT|test-results/general-trample-damage-ass-26f93-to-blocker-excess-to-player/trace.zip]]
]]>
</system-out>
</testcase>
<testcase name="Trample damage assignment › custom damage assignment — put extra damage on blocker" classname="general/trample-damage-assignment.spec.ts" time="5.594">
<system-out>
<![CDATA[
[[ATTACHMENT|test-results/general-trample-damage-ass-404f9-put-extra-damage-on-blocker/trace.zip]]
]]>
</system-out>
</testcase>
<testcase name="Trample damage assignment › no damage assignment for non-trample creature blocked by single blocker" classname="general/trample-damage-assignment.spec.ts" time="5.129">
<system-out>
<![CDATA[
[[ATTACHMENT|test-results/general-trample-damage-ass-17848-e-blocked-by-single-blocker/trace.zip]]
]]>
</system-out>
</testcase>
</testsuite>
</testsuites>