<?xml version="1.0" encoding="UTF-8"?>
<testsuite name="com.wingedsheep.engine.scenarios.CleanupHandSizeDiscardDamageRemovalTest" tests="2" skipped="0" failures="0" errors="0" timestamp="2026-09-25T04:28:30.285Z" hostname="runnervmtr4k5" time="18.329">
  <properties/>
  <testcase name="deathtouch damage is cleared at cleanup despite a hand-size discard — creature survives next turn" classname="com.wingedsheep.engine.scenarios.CleanupHandSizeDiscardDamageRemovalTest" time="18.183"/>
  <testcase name="ordinary marked damage is removed at cleanup even when a hand-size discard interrupts the step" classname="com.wingedsheep.engine.scenarios.CleanupHandSizeDiscardDamageRemovalTest" time="0.017"/>
  <system-out><![CDATA[]]></system-out>
  <system-err><![CDATA[]]></system-err>
</testsuite>
