<?xml version="1.0" encoding="UTF-8"?>
<testsuite name="com.wingedsheep.engine.state.SuspensionTraceTest" tests="5" skipped="0" failures="0" errors="0" timestamp="2026-09-25T04:29:52.642Z" hostname="runnervmtr4k5" time="21.031">
  <properties/>
  <testcase name="current nested-may suspension reproduces the captured parent response trace" classname="com.wingedsheep.engine.state.SuspensionTraceTest" time="0.258"/>
  <testcase name="current repeat-while suspension reproduces the captured parent response trace" classname="com.wingedsheep.engine.state.SuspensionTraceTest" time="0.029"/>
  <testcase name="current suspended-mana-window suspension reproduces the captured parent response trace" classname="com.wingedsheep.engine.state.SuspensionTraceTest" time="0.068"/>
  <testcase name="current free-cast-target suspension reproduces the captured parent response trace" classname="com.wingedsheep.engine.state.SuspensionTraceTest" time="0.102"/>
  <testcase name="current cycling suspension reproduces the captured parent deferred draw and events" classname="com.wingedsheep.engine.state.SuspensionTraceTest" time="0.061"/>
  <system-out><![CDATA[]]></system-out>
  <system-err><![CDATA[]]></system-err>
</testsuite>
