<?xml version="1.0" encoding="UTF-8"?>
<testsuite name="com.wingedsheep.engine.scenarios.SpellQuellerScenarioTest" tests="4" skipped="0" failures="0" errors="0" timestamp="2026-09-25T04:31:35.071Z" hostname="runnervmtr4k5" time="11.047">
  <properties/>
  <testcase name="ETB exiles the target spell and links it to the Queller" classname="com.wingedsheep.engine.scenarios.SpellQuellerScenarioTest" time="10.915"/>
  <testcase name="when the Queller leaves, the exiled card's owner may cast it for free" classname="com.wingedsheep.engine.scenarios.SpellQuellerScenarioTest" time="0.041"/>
  <testcase name="the owner may decline, and the card stays exiled" classname="com.wingedsheep.engine.scenarios.SpellQuellerScenarioTest" time="0.021"/>
  <testcase name="a Queller that exiled nothing does nothing when it leaves" classname="com.wingedsheep.engine.scenarios.SpellQuellerScenarioTest" time="0.025"/>
  <system-out><![CDATA[]]></system-out>
  <system-err><![CDATA[]]></system-err>
</testsuite>
