<?xml version="1.0" encoding="UTF-8"?>
<testsuite name="com.wingedsheep.ai.engine.DecisionResponderCompletedBranchTest" tests="7" skipped="0" failures="0" errors="0" timestamp="2026-09-25T04:32:13.697Z" hostname="runnervmtr4k5" time="11.193">
  <properties/>
  <testcase name="exact one singleton auto-completes without a follow-up decision" classname="com.wingedsheep.ai.engine.DecisionResponderCompletedBranchTest" time="0.13"/>
  <testcase name="exact one empty result can produce a superior if-you-dont branch without a follow-up" classname="com.wingedsheep.ai.engine.DecisionResponderCompletedBranchTest" time="0.009"/>
  <testcase name="exact one no-candidate no-payoff acceptance is outcome-equivalent to declining" classname="com.wingedsheep.ai.engine.DecisionResponderCompletedBranchTest" time="0.025"/>
  <testcase name="genuine up-to-one branch chooses a beneficial legal singleton" classname="com.wingedsheep.ai.engine.DecisionResponderCompletedBranchTest" time="0.013"/>
  <testcase name="genuine up-to-one branch preserves a superior beneficial empty selection" classname="com.wingedsheep.ai.engine.DecisionResponderCompletedBranchTest" time="0.011"/>
  <testcase name="genuine up-to-one branch declines when harmful singleton and empty equals decline" classname="com.wingedsheep.ai.engine.DecisionResponderCompletedBranchTest" time="0.005"/>
  <testcase name="genuine up-to-one branch preserves the superior singleton among multiple candidates" classname="com.wingedsheep.ai.engine.DecisionResponderCompletedBranchTest" time="0.007"/>
  <system-out><![CDATA[]]></system-out>
  <system-err><![CDATA[]]></system-err>
</testsuite>
