<?xml version="1.0" encoding="UTF-8"?>
<testsuite name="com.wingedsheep.engine.scenarios.CircleOfSolaceTest" tests="4" skipped="0" failures="0" errors="0" timestamp="2026-09-25T04:30:43.851Z" hostname="runnervmtr4k5" time="10.953">
  <properties/>
  <testcase name="prevents combat damage from creature of chosen type to controller" classname="com.wingedsheep.engine.scenarios.CircleOfSolaceTest" time="10.808"/>
  <testcase name="does not prevent damage from creature of different type" classname="com.wingedsheep.engine.scenarios.CircleOfSolaceTest" time="0.02"/>
  <testcase name="shield is consumed after preventing damage once" classname="com.wingedsheep.engine.scenarios.CircleOfSolaceTest" time="0.013"/>
  <testcase name="multiple activations prevent damage from multiple creatures" classname="com.wingedsheep.engine.scenarios.CircleOfSolaceTest" time="0.025"/>
  <system-out><![CDATA[]]></system-out>
  <system-err><![CDATA[]]></system-err>
</testsuite>
