<?xml version="1.0" encoding="UTF-8"?>
<testsuite name="com.wingedsheep.engine.scenarios.ScarecrowScenarioTest" tests="4" skipped="0" failures="0" errors="0" timestamp="2026-09-25T04:31:04.084Z" hostname="runnervmtr4k5" time="10.824">
  <properties/>
  <testcase name="a flying attacker deals you no combat damage" classname="com.wingedsheep.engine.scenarios.ScarecrowScenarioTest" time="0.191"/>
  <testcase name="a non-flying attacker still hits you for full" classname="com.wingedsheep.engine.scenarios.ScarecrowScenarioTest" time="0.016"/>
  <testcase name="a non-creature source is unaffected" classname="com.wingedsheep.engine.scenarios.ScarecrowScenarioTest" time="0.024"/>
  <testcase name="your own creatures are not protected — only you" classname="com.wingedsheep.engine.scenarios.ScarecrowScenarioTest" time="0.018"/>
  <system-out><![CDATA[]]></system-out>
  <system-err><![CDATA[]]></system-err>
</testsuite>
