<?xml version="1.0" encoding="UTF-8"?>
<testsuite name="com.wingedsheep.engine.scenarios.GrantNextSpellFreeCastTest" tests="8" skipped="0" failures="0" errors="0" timestamp="2026-09-25T04:32:51.703Z" hostname="runnervmtr4k5" time="20.845">
  <properties/>
  <testcase name="the next spell can be cast without paying its mana cost, with the source in the graveyard" classname="com.wingedsheep.engine.scenarios.GrantNextSpellFreeCastTest" time="20.272"/>
  <testcase name="the rider is consumed by the next matching cast even when the free cast isn't taken" classname="com.wingedsheep.engine.scenarios.GrantNextSpellFreeCastTest" time="0.016"/>
  <testcase name="an unused rider is cleared at the start of the next turn" classname="com.wingedsheep.engine.scenarios.GrantNextSpellFreeCastTest" time="0.041"/>
  <testcase name="a creature-only rider ignores a noncreature spell and pays for the next creature spell" classname="com.wingedsheep.engine.scenarios.GrantNextSpellFreeCastTest" time="0.037"/>
  <testcase name="a rider-funded free cast doesn't burn a once-per-turn battlefield permission" classname="com.wingedsheep.engine.scenarios.GrantNextSpellFreeCastTest" time="0.025"/>
  <testcase name="the rider belongs to its controller: the opponent is neither offered it nor spends it" classname="com.wingedsheep.engine.scenarios.GrantNextSpellFreeCastTest" time="0.017"/>
  <testcase name="the enumerated free cast has no X — a free cast pays no mana cost, so X is 0 (CR 107.3b)" classname="com.wingedsheep.engine.scenarios.GrantNextSpellFreeCastTest" time="0.141"/>
  <testcase name="a free cast still pays a mandatory additional cost (CR 118.9 — only the mana cost is replaced)" classname="com.wingedsheep.engine.scenarios.GrantNextSpellFreeCastTest" time="0.051"/>
  <system-out><![CDATA[]]></system-out>
  <system-err><![CDATA[]]></system-err>
</testsuite>
